<?xml version="1.0" encoding="UTF-8"?>
<!-- Generated by org.testng.reporters.JUnitReportReporter -->
<testsuite hostname="ggn001345" failures="0" tests="2" name="global_api.global_api.testCases.Login_user" time="1.273" errors="0" timestamp="18 May 2021 10:52:51 GMT" skipped="0">
  <testcase classname="global_api.global_api.testCases.Login_user" name="validlogin" time="0.570"/>
  <testcase classname="global_api.global_api.testCases.Login_user" name="invaliadLogin" time="0.703"/>
</testsuite> <!-- global_api.global_api.testCases.Login_user -->
