<?xml version="1.0" encoding="UTF-8"?>
<!-- Generated by org.testng.reporters.JUnitReportReporter -->
<testsuite hostname="ggn001345" failures="0" tests="1" name="global_api.global_api.testCases.Logout" time="0.542" errors="0" timestamp="17 May 2021 07:18:33 GMT" skipped="0">
  <testcase classname="global_api.global_api.testCases.Logout" name="logout" time="0.542"/>
</testsuite> <!-- global_api.global_api.testCases.Logout -->
