<?xml version="1.0" encoding="UTF-8"?>
<!-- Generated by org.testng.reporters.JUnitReportReporter -->
<testsuite hostname="ggn001345" failures="0" tests="2" name="global_api.global_api.testCases.SignUp" time="3.364" errors="0" timestamp="18 May 2021 10:52:51 GMT" skipped="0">
  <testcase classname="global_api.global_api.testCases.SignUp" name="validSignUp" time="1.104"/>
  <testcase classname="global_api.global_api.testCases.SignUp" name="invalidSignup" time="2.260"/>
</testsuite> <!-- global_api.global_api.testCases.SignUp -->
